0 info it worked if it ends with ok
1 verbose cli [ '/usr/local/Cellar/nvm/0.23.2/versions/node/v4.1.2/bin/node',
1 verbose cli   '/usr/local/opt/nvm/versions/node/v4.1.2/bin/npm',
1 verbose cli   'run',
1 verbose cli   'release' ]
2 info using npm@2.14.4
3 info using node@v4.1.2
4 verbose run-script [ 'prerelease', 'release', 'postrelease' ]
5 info prerelease instantsearch.js@0.14.2
6 info release instantsearch.js@0.14.2
7 verbose unsafe-perm in lifecycle true
8 info instantsearch.js@0.14.2 Failed to exec release script
9 verbose stack Error: instantsearch.js@0.14.2 release: `./scripts/release.sh`
9 verbose stack Exit status 1
9 verbose stack     at EventEmitter.<anonymous> (/usr/local/Cellar/nvm/0.23.2/versions/node/v4.1.2/lib/node_modules/npm/lib/utils/lifecycle.js:214:16)
9 verbose stack     at emitTwo (events.js:87:13)
9 verbose stack     at EventEmitter.emit (events.js:172:7)
9 verbose stack     at ChildProcess.<anonymous> (/usr/local/Cellar/nvm/0.23.2/versions/node/v4.1.2/lib/node_modules/npm/lib/utils/spawn.js:24:14)
9 verbose stack     at emitTwo (events.js:87:13)
9 verbose stack     at ChildProcess.emit (events.js:172:7)
9 verbose stack     at maybeClose (internal/child_process.js:818:16)
9 verbose stack     at Process.ChildProcess._handle.onexit (internal/child_process.js:211:5)
10 verbose pkgid instantsearch.js@0.14.2
11 verbose cwd /Users/bobylito/source/instantsearch.js/docs/js
12 error Darwin 15.0.0
13 error argv "/usr/local/Cellar/nvm/0.23.2/versions/node/v4.1.2/bin/node" "/usr/local/opt/nvm/versions/node/v4.1.2/bin/npm" "run" "release"
14 error node v4.1.2
15 error npm  v2.14.4
16 error code ELIFECYCLE
17 error instantsearch.js@0.14.2 release: `./scripts/release.sh`
17 error Exit status 1
18 error Failed at the instantsearch.js@0.14.2 release script './scripts/release.sh'.
18 error This is most likely a problem with the instantsearch.js package,
18 error not with npm itself.
18 error Tell the author that this fails on your system:
18 error     ./scripts/release.sh
18 error You can get their info via:
18 error     npm owner ls instantsearch.js
18 error There is likely additional logging output above.
19 verbose exit [ 1, true ]
